<?xml version="1.0" encoding="UTF-8"?>
<!-- Generated by org.testng.reporters.JUnitReportReporter -->
<testsuite hostname="Vinitas-MacBook-Air.local" failures="0" tests="1" name="com.APITests.E2ETest" time="3.077" errors="0" timestamp="2022-03-02T00:33:59 CET" skipped="0">
  <testcase classname="com.APITests.E2ETest" name="GetSingleUserRegisterLogin" time="3.077"/>
  <system-out/>
</testsuite> <!-- com.APITests.E2ETest -->
