<?xml version="1.0" encoding="UTF-8"?>
<!-- Generated by org.testng.reporters.JUnitReportReporter -->
<testsuite hostname="Vinitas-MacBook-Air.local" failures="0" tests="1" name="com.APITests.Tags" time="3.121" errors="0" timestamp="2022-03-02T00:17:46 CET" skipped="0">
  <testcase classname="com.APITests.Tags" name="getTags" time="3.121"/>
  <system-out/>
</testsuite> <!-- com.APITests.Tags -->
